.......                                                                  [100%]
=============================== warnings summary ===============================
mnist_service.py:325
  /Users/deadlyrider/Desktop/DigitScribe-main 2/pc/ml/mnist_service.py:325: DeprecationWarning: 
          on_event is deprecated, use lifespan event handlers instead.
  
          Read more about it in the
          [FastAPI docs for Lifespan Events](https://fastapi.tiangolo.com/advanced/events/).
          
    @app.on_event("startup")

.venv/lib/python3.11/site-packages/fastapi/applications.py:4575
  /Users/deadlyrider/Desktop/DigitScribe-main 2/pc/ml/.venv/lib/python3.11/site-packages/fastapi/applications.py:4575: DeprecationWarning: 
          on_event is deprecated, use lifespan event handlers instead.
  
          Read more about it in the
          [FastAPI docs for Lifespan Events](https://fastapi.tiangolo.com/advanced/events/).
          
    return self.router.on_event(event_type)

tests/test_model.py::test_predict_digit_returns_result
  /Users/deadlyrider/Desktop/DigitScribe-main 2/pc/ml/mnist_service.py:118: PydanticDeprecatedSince20: The `dict` method is deprecated; use `model_dump` instead. Deprecated in Pydantic V2.0 to be removed in V3.0. See Pydantic V2 Migration Guide at https://errors.pydantic.dev/2.12/migration/
    payload = {model_id: info.dict() for model_id, info in model_registry.items()}

-- Docs: https://docs.pytest.org/en/stable/how-to/capture-warnings.html
================================ tests coverage ================================
______________ coverage: platform darwin, python 3.11.14-final-0 _______________

Name               Stmts   Miss  Cover   Missing
------------------------------------------------
mnist_service.py     349    139    60%   124-147, 153-165, 188-195, 200, 203, 206, 227-230, 241-246, 276-281, 297-301, 306, 309, 327-329, 334, 339, 344, 349-372, 377-390, 395-414, 419-423, 436-449, 457, 459, 482-484, 490-499, 504-510, 520-522
------------------------------------------------
TOTAL                349    139    60%
7 passed, 3 warnings in 15.36s
